{"/Users/ishangarg/Documents/Personal/sukasa-air/src/index.ts": {"path":"/Users/ishangarg/Documents/Personal/sukasa-air/src/index.ts","statementMap":{"0":{"start":{"line":1,"column":0},"end":{"line":1,"column":62}},"1":{"start":{"line":2,"column":0},"end":{"line":2,"column":37}},"2":{"start":{"line":3,"column":0},"end":{"line":3,"column":28}},"3":{"start":{"line":4,"column":0},"end":{"line":4,"column":39}},"4":{"start":{"line":5,"column":0},"end":{"line":5,"column":45}},"5":{"start":{"line":6,"column":0},"end":{"line":6,"column":59}},"6":{"start":{"line":7,"column":0},"end":{"line":7,"column":16}},"7":{"start":{"line":9,"column":13},"end":{"line":9,"column":38}},"8":{"start":{"line":10,"column":13},"end":{"line":10,"column":37}},"9":{"start":{"line":12,"column":0},"end":{"line":14,"column":3}},"10":{"start":{"line":13,"column":2},"end":{"line":13,"column":38}},"11":{"start":{"line":15,"column":0},"end":{"line":15,"column":52}},"12":{"start":{"line":17,"column":0},"end":{"line":17,"column":27}},"13":{"start":{"line":20,"column":2},"end":{"line":20,"column":33}},"14":{"start":{"line":21,"column":2},"end":{"line":21,"column":40}},"15":{"start":{"line":23,"column":17},"end":{"line":35,"column":4}},"16":{"start":{"line":23,"column":45},"end":{"line":35,"column":4}},"17":{"start":{"line":24,"column":4},"end":{"line":34,"column":5}},"18":{"start":{"line":26,"column":6},"end":{"line":26,"column":24}},"19":{"start":{"line":27,"column":6},"end":{"line":27,"column":77}},"20":{"start":{"line":29,"column":6},"end":{"line":29,"column":60}},"21":{"start":{"line":30,"column":6},"end":{"line":33,"column":9}},"22":{"start":{"line":31,"column":8},"end":{"line":31,"column":70}},"23":{"start":{"line":32,"column":8},"end":{"line":32,"column":24}},"24":{"start":{"line":37,"column":2},"end":{"line":40,"column":5}},"25":{"start":{"line":38,"column":4},"end":{"line":38,"column":47}},"26":{"start":{"line":39,"column":4},"end":{"line":39,"column":19}},"27":{"start":{"line":43,"column":0},"end":{"line":43,"column":14}}},"fnMap":{"0":{"name":"(anonymous_8)","decl":{"start":{"line":12,"column":13},"end":{"line":12,"column":14}},"loc":{"start":{"line":12,"column":45},"end":{"line":14,"column":1}}},"1":{"name":"startServer","decl":{"start":{"line":19,"column":15},"end":{"line":19,"column":26}},"loc":{"start":{"line":19,"column":26},"end":{"line":41,"column":null}}},"2":{"name":"(anonymous_11)","decl":{"start":{"line":23,"column":34},"end":{"line":23,"column":43}},"loc":{"start":{"line":23,"column":45},"end":{"line":35,"column":4}}},"3":{"name":"(anonymous_12)","decl":{"start":{"line":23,"column":45},"end":{"line":23,"column":null}},"loc":{"start":{"line":23,"column":45},"end":{"line":35,"column":3}}},"4":{"name":"(anonymous_13)","decl":{"start":{"line":30,"column":19},"end":{"line":30,"column":22}},"loc":{"start":{"line":30,"column":24},"end":{"line":33,"column":7}}},"5":{"name":"(anonymous_14)","decl":{"start":{"line":37,"column":21},"end":{"line":37,"column":22}},"loc":{"start":{"line":37,"column":31},"end":{"line":40,"column":3}}}},"branchMap":{"0":{"loc":{"start":{"line":10,"column":13},"end":{"line":10,"column":37}},"type":"binary-expr","locations":[{"start":{"line":10,"column":13},"end":{"line":10,"column":29}},{"start":{"line":10,"column":33},"end":{"line":10,"column":37}}]}},"s":{"0":2,"1":2,"2":2,"3":2,"4":2,"5":2,"6":2,"7":2,"8":2,"9":2,"10":0,"11":2,"12":2,"13":2,"14":2,"15":2,"16":1,"17":1,"18":1,"19":1,"20":0,"21":0,"22":0,"23":0,"24":2,"25":1,"26":1,"27":2},"f":{"0":0,"1":2,"2":1,"3":1,"4":0,"5":1},"b":{"0":[2,2]}}
,"/Users/ishangarg/Documents/Personal/sukasa-air/src/constants/admin.ts": {"path":"/Users/ishangarg/Documents/Personal/sukasa-air/src/constants/admin.ts","statementMap":{"0":{"start":{"line":1,"column":13},"end":{"line":1,"column":49}}},"fnMap":{},"branchMap":{},"s":{"0":2},"f":{},"b":{}}
,"/Users/ishangarg/Documents/Personal/sukasa-air/src/constants/seat.ts": {"path":"/Users/ishangarg/Documents/Personal/sukasa-air/src/constants/seat.ts","statementMap":{"0":{"start":{"line":1,"column":13},"end":{"line":1,"column":29}}},"fnMap":{},"branchMap":{},"s":{"0":2},"f":{},"b":{}}
,"/Users/ishangarg/Documents/Personal/sukasa-air/src/controllers/authController.ts": {"path":"/Users/ishangarg/Documents/Personal/sukasa-air/src/controllers/authController.ts","statementMap":{"0":{"start":{"line":1,"column":0},"end":{"line":1,"column":50}},"1":{"start":{"line":3,"column":0},"end":{"line":3,"column":null}},"2":{"start":{"line":11,"column":22},"end":{"line":11,"column":46}},"3":{"start":{"line":13,"column":4},"end":{"line":19,"column":5}},"4":{"start":{"line":14,"column":20},"end":{"line":14,"column":50}},"5":{"start":{"line":15,"column":6},"end":{"line":15,"column":65}},"6":{"start":{"line":17,"column":20},"end":{"line":17,"column":30}},"7":{"start":{"line":18,"column":6},"end":{"line":18,"column":47}},"8":{"start":{"line":23,"column":0},"end":{"line":23,"column":36}}},"fnMap":{"0":{"name":"(anonymous_8)","decl":{"start":{"line":10,"column":8},"end":{"line":10,"column":13}},"loc":{"start":{"line":10,"column":41},"end":{"line":20,"column":null}}}},"branchMap":{},"s":{"0":2,"1":2,"2":2,"3":2,"4":2,"5":2,"6":0,"7":0,"8":2},"f":{"0":2},"b":{}}
,"/Users/ishangarg/Documents/Personal/sukasa-air/src/controllers/reservationController.ts": {"path":"/Users/ishangarg/Documents/Personal/sukasa-air/src/controllers/reservationController.ts","statementMap":{"0":{"start":{"line":1,"column":0},"end":{"line":1,"column":64}},"1":{"start":{"line":3,"column":0},"end":{"line":3,"column":null}},"2":{"start":{"line":12,"column":6},"end":{"line":12,"column":36}},"3":{"start":{"line":13,"column":4},"end":{"line":30,"column":5}},"4":{"start":{"line":15,"column":25},"end":{"line":15,"column":35}},"5":{"start":{"line":16,"column":6},"end":{"line":25,"column":8}},"6":{"start":{"line":26,"column":6},"end":{"line":26,"column":63}},"7":{"start":{"line":28,"column":20},"end":{"line":28,"column":30}},"8":{"start":{"line":29,"column":6},"end":{"line":29,"column":47}},"9":{"start":{"line":34,"column":4},"end":{"line":41,"column":5}},"10":{"start":{"line":36,"column":6},"end":{"line":36,"column":50}},"11":{"start":{"line":37,"column":6},"end":{"line":37,"column":67}},"12":{"start":{"line":39,"column":20},"end":{"line":39,"column":30}},"13":{"start":{"line":40,"column":6},"end":{"line":40,"column":47}},"14":{"start":{"line":45,"column":0},"end":{"line":45,"column":43}}},"fnMap":{"0":{"name":"(anonymous_8)","decl":{"start":{"line":10,"column":8},"end":{"line":10,"column":19}},"loc":{"start":{"line":10,"column":47},"end":{"line":31,"column":null}}},"1":{"name":"(anonymous_10)","decl":{"start":{"line":33,"column":8},"end":{"line":33,"column":24}},"loc":{"start":{"line":33,"column":52},"end":{"line":42,"column":null}}}},"branchMap":{"0":{"loc":{"start":{"line":24,"column":8},"end":{"line":24,"column":21}},"type":"cond-expr","locations":[{"start":{"line":24,"column":16},"end":{"line":24,"column":18}},{"start":{"line":24,"column":16},"end":{"line":24,"column":21}}]},"1":{"loc":{"start":{"line":24,"column":8},"end":{"line":24,"column":18}},"type":"binary-expr","locations":[{"start":{"line":24,"column":8},"end":{"line":24,"column":18}},{"start":{"line":24,"column":16},"end":{"line":24,"column":18}}]}},"s":{"0":2,"1":2,"2":3,"3":3,"4":3,"5":3,"6":1,"7":2,"8":2,"9":1,"10":1,"11":1,"12":0,"13":0,"14":2},"f":{"0":3,"1":1},"b":{"0":[0,3],"1":[3,3]}}
,"/Users/ishangarg/Documents/Personal/sukasa-air/src/db/connectDB.ts": {"path":"/Users/ishangarg/Documents/Personal/sukasa-air/src/db/connectDB.ts","statementMap":{"0":{"start":{"line":2,"column":0},"end":{"line":2,"column":32}},"1":{"start":{"line":5,"column":2},"end":{"line":8,"column":3}},"2":{"start":{"line":6,"column":4},"end":{"line":6,"column":44}},"3":{"start":{"line":7,"column":4},"end":{"line":7,"column":11}},"4":{"start":{"line":10,"column":2},"end":{"line":12,"column":3}},"5":{"start":{"line":11,"column":4},"end":{"line":11,"column":46}},"6":{"start":{"line":14,"column":2},"end":{"line":19,"column":3}},"7":{"start":{"line":15,"column":4},"end":{"line":15,"column":52}},"8":{"start":{"line":16,"column":4},"end":{"line":16,"column":50}},"9":{"start":{"line":18,"column":4},"end":{"line":18,"column":52}},"10":{"start":{"line":4,"column":0},"end":{"line":4,"column":30}}},"fnMap":{"0":{"name":"connectDB","decl":{"start":{"line":4,"column":30},"end":{"line":4,"column":39}},"loc":{"start":{"line":4,"column":39},"end":{"line":20,"column":null}}}},"branchMap":{"0":{"loc":{"start":{"line":5,"column":2},"end":{"line":8,"column":3}},"type":"if","locations":[{"start":{"line":5,"column":2},"end":{"line":8,"column":3}}]},"1":{"loc":{"start":{"line":10,"column":2},"end":{"line":12,"column":3}},"type":"if","locations":[{"start":{"line":10,"column":2},"end":{"line":12,"column":3}}]}},"s":{"0":3,"1":2,"2":1,"3":1,"4":1,"5":0,"6":1,"7":1,"8":1,"9":0,"10":3},"f":{"0":2},"b":{"0":[1],"1":[0]}}
,"/Users/ishangarg/Documents/Personal/sukasa-air/src/middlewares/authMiddleware.ts": {"path":"/Users/ishangarg/Documents/Personal/sukasa-air/src/middlewares/authMiddleware.ts","statementMap":{"0":{"start":{"line":3,"column":0},"end":{"line":3,"column":34}},"1":{"start":{"line":4,"column":0},"end":{"line":4,"column":49}},"2":{"start":{"line":5,"column":0},"end":{"line":5,"column":50}},"3":{"start":{"line":7,"column":23},"end":{"line":28,"column":2}},"4":{"start":{"line":11,"column":4},"end":{"line":28,"column":2}},"5":{"start":{"line":12,"column":16},"end":{"line":12,"column":56}},"6":{"start":{"line":13,"column":2},"end":{"line":15,"column":3}},"7":{"start":{"line":14,"column":4},"end":{"line":14,"column":66}},"8":{"start":{"line":17,"column":2},"end":{"line":27,"column":3}},"9":{"start":{"line":18,"column":25},"end":{"line":18,"column":42}},"10":{"start":{"line":19,"column":17},"end":{"line":19,"column":48}},"11":{"start":{"line":20,"column":4},"end":{"line":22,"column":5}},"12":{"start":{"line":21,"column":6},"end":{"line":21,"column":38}},"13":{"start":{"line":23,"column":4},"end":{"line":23,"column":20}},"14":{"start":{"line":24,"column":4},"end":{"line":24,"column":11}},"15":{"start":{"line":26,"column":4},"end":{"line":26,"column":54}},"16":{"start":{"line":38,"column":9},"end":{"line":38,"column":23}},"17":{"start":{"line":30,"column":24},"end":{"line":36,"column":1}},"18":{"start":{"line":31,"column":2},"end":{"line":35,"column":3}},"19":{"start":{"line":32,"column":4},"end":{"line":32,"column":11}},"20":{"start":{"line":34,"column":4},"end":{"line":34,"column":51}},"21":{"start":{"line":38,"column":25},"end":{"line":38,"column":40}}},"fnMap":{"0":{"name":"(anonymous_8)","decl":{"start":{"line":7,"column":23},"end":{"line":7,"column":null}},"loc":{"start":{"line":11,"column":4},"end":{"line":28,"column":2}}},"1":{"name":"(anonymous_9)","decl":{"start":{"line":11,"column":4},"end":{"line":11,"column":null}},"loc":{"start":{"line":11,"column":4},"end":{"line":28,"column":1}}},"2":{"name":"(anonymous_10)","decl":{"start":{"line":30,"column":24},"end":{"line":30,"column":25}},"loc":{"start":{"line":30,"column":76},"end":{"line":36,"column":1}}}},"branchMap":{"0":{"loc":{"start":{"line":12,"column":16},"end":{"line":12,"column":56}},"type":"cond-expr","locations":[{"start":{"line":12,"column":41},"end":{"line":12,"column":43}},{"start":{"line":12,"column":41},"end":{"line":12,"column":56}}]},"1":{"loc":{"start":{"line":12,"column":16},"end":{"line":12,"column":43}},"type":"binary-expr","locations":[{"start":{"line":12,"column":16},"end":{"line":12,"column":43}},{"start":{"line":12,"column":41},"end":{"line":12,"column":43}}]},"2":{"loc":{"start":{"line":13,"column":2},"end":{"line":15,"column":3}},"type":"if","locations":[{"start":{"line":13,"column":2},"end":{"line":15,"column":3}}]},"3":{"loc":{"start":{"line":20,"column":4},"end":{"line":22,"column":5}},"type":"if","locations":[{"start":{"line":20,"column":4},"end":{"line":22,"column":5}}]},"4":{"loc":{"start":{"line":31,"column":2},"end":{"line":35,"column":3}},"type":"if","locations":[{"start":{"line":31,"column":2},"end":{"line":35,"column":3}},{"start":{"line":33,"column":9},"end":{"line":35,"column":3}}]},"5":{"loc":{"start":{"line":31,"column":6},"end":{"line":31,"column":48}},"type":"binary-expr","locations":[{"start":{"line":31,"column":6},"end":{"line":31,"column":14}},{"start":{"line":31,"column":18},"end":{"line":31,"column":48}}]}},"s":{"0":2,"1":2,"2":2,"3":2,"4":5,"5":5,"6":5,"7":0,"8":5,"9":5,"10":5,"11":5,"12":0,"13":5,"14":5,"15":0,"16":2,"17":2,"18":2,"19":1,"20":1,"21":2},"f":{"0":5,"1":5,"2":2},"b":{"0":[0,5],"1":[5,5],"2":[0],"3":[0],"4":[1,1],"5":[2,2]}}
,"/Users/ishangarg/Documents/Personal/sukasa-air/src/middlewares/validationMiddleware.ts": {"path":"/Users/ishangarg/Documents/Personal/sukasa-air/src/middlewares/validationMiddleware.ts","statementMap":{"0":{"start":{"line":3,"column":28},"end":{"line":21,"column":1}},"1":{"start":{"line":4,"column":2},"end":{"line":20,"column":4}},"2":{"start":{"line":6,"column":4},"end":{"line":10,"column":5}},"3":{"start":{"line":7,"column":6},"end":{"line":7,"column":43}},"4":{"start":{"line":9,"column":6},"end":{"line":9,"column":79}},"5":{"start":{"line":12,"column":4},"end":{"line":18,"column":5}},"6":{"start":{"line":13,"column":6},"end":{"line":17,"column":7}},"7":{"start":{"line":14,"column":8},"end":{"line":16,"column":65}},"8":{"start":{"line":19,"column":4},"end":{"line":19,"column":11}},"9":{"start":{"line":23,"column":0},"end":{"line":23,"column":35}}},"fnMap":{"0":{"name":"(anonymous_0)","decl":{"start":{"line":3,"column":28},"end":{"line":3,"column":29}},"loc":{"start":{"line":3,"column":57},"end":{"line":21,"column":1}}},"1":{"name":"(anonymous_1)","decl":{"start":{"line":4,"column":9},"end":{"line":4,"column":10}},"loc":{"start":{"line":4,"column":61},"end":{"line":20,"column":3}}}},"branchMap":{"0":{"loc":{"start":{"line":13,"column":6},"end":{"line":17,"column":7}},"type":"if","locations":[{"start":{"line":13,"column":6},"end":{"line":17,"column":7}}]}},"s":{"0":2,"1":4,"2":5,"3":5,"4":0,"5":5,"6":14,"7":0,"8":5,"9":2},"f":{"0":4,"1":5},"b":{"0":[0]}}
,"/Users/ishangarg/Documents/Personal/sukasa-air/src/models/reservation.ts": {"path":"/Users/ishangarg/Documents/Personal/sukasa-air/src/models/reservation.ts","statementMap":{"0":{"start":{"line":1,"column":0},"end":{"line":1,"column":41}},"1":{"start":{"line":4,"column":0},"end":{"line":4,"column":null}},"2":{"start":{"line":5,"column":2},"end":{"line":5,"column":null}},"3":{"start":{"line":6,"column":2},"end":{"line":6,"column":null}},"4":{"start":{"line":7,"column":2},"end":{"line":7,"column":null}},"5":{"start":{"line":21,"column":2},"end":{"line":21,"column":52}},"6":{"start":{"line":20,"column":0},"end":{"line":20,"column":16}},"7":{"start":{"line":24,"column":26},"end":{"line":36,"column":2}},"8":{"start":{"line":38,"column":0},"end":{"line":38,"column":43}},"9":{"start":{"line":40,"column":20},"end":{"line":40,"column":73}},"10":{"start":{"line":42,"column":0},"end":{"line":42,"column":27}}},"fnMap":{"0":{"name":"(anonymous_0)","decl":{"start":{"line":4,"column":0},"end":{"line":4,"column":12}},"loc":{"start":{"line":4,"column":29},"end":{"line":8,"column":1}}},"1":{"name":"isReserved","decl":{"start":{"line":20,"column":16},"end":{"line":20,"column":26}},"loc":{"start":{"line":20,"column":26},"end":{"line":22,"column":1}}}},"branchMap":{"0":{"loc":{"start":{"line":4,"column":12},"end":{"line":4,"column":null}},"type":"binary-expr","locations":[{"start":{"line":4,"column":12},"end":{"line":4,"column":29}},{"start":{"line":4,"column":29},"end":{"line":4,"column":null}}]}},"s":{"0":2,"1":2,"2":2,"3":2,"4":2,"5":2,"6":2,"7":2,"8":2,"9":2,"10":2},"f":{"0":2,"1":2},"b":{"0":[2,2]}}
,"/Users/ishangarg/Documents/Personal/sukasa-air/src/models/user.ts": {"path":"/Users/ishangarg/Documents/Personal/sukasa-air/src/models/user.ts","statementMap":{"0":{"start":{"line":1,"column":0},"end":{"line":1,"column":44}},"1":{"start":{"line":7,"column":19},"end":{"line":9,"column":2}},"2":{"start":{"line":11,"column":0},"end":{"line":11,"column":31}},"3":{"start":{"line":13,"column":13},"end":{"line":13,"column":47}},"4":{"start":{"line":15,"column":0},"end":{"line":15,"column":20}}},"fnMap":{},"branchMap":{},"s":{"0":2,"1":2,"2":2,"3":2,"4":2},"f":{},"b":{}}
,"/Users/ishangarg/Documents/Personal/sukasa-air/src/routes/authRoutes.ts": {"path":"/Users/ishangarg/Documents/Personal/sukasa-air/src/routes/authRoutes.ts","statementMap":{"0":{"start":{"line":1,"column":0},"end":{"line":1,"column":33}},"1":{"start":{"line":2,"column":0},"end":{"line":2,"column":59}},"2":{"start":{"line":3,"column":0},"end":{"line":3,"column":70}},"3":{"start":{"line":5,"column":15},"end":{"line":5,"column":23}},"4":{"start":{"line":7,"column":0},"end":{"line":7,"column":76}},"5":{"start":{"line":9,"column":0},"end":{"line":9,"column":22}}},"fnMap":{},"branchMap":{},"s":{"0":2,"1":2,"2":2,"3":2,"4":2,"5":2},"f":{},"b":{}}
,"/Users/ishangarg/Documents/Personal/sukasa-air/src/routes/reservationRoutes.ts": {"path":"/Users/ishangarg/Documents/Personal/sukasa-air/src/routes/reservationRoutes.ts","statementMap":{"0":{"start":{"line":1,"column":0},"end":{"line":1,"column":33}},"1":{"start":{"line":2,"column":0},"end":{"line":2,"column":73}},"2":{"start":{"line":3,"column":0},"end":{"line":3,"column":70}},"3":{"start":{"line":4,"column":0},"end":{"line":4,"column":80}},"4":{"start":{"line":5,"column":15},"end":{"line":5,"column":23}},"5":{"start":{"line":7,"column":0},"end":{"line":17,"column":2}},"6":{"start":{"line":19,"column":0},"end":{"line":24,"column":2}},"7":{"start":{"line":26,"column":0},"end":{"line":26,"column":22}}},"fnMap":{},"branchMap":{},"s":{"0":2,"1":2,"2":2,"3":2,"4":2,"5":2,"6":2,"7":2},"f":{},"b":{}}
,"/Users/ishangarg/Documents/Personal/sukasa-air/src/services/authService.ts": {"path":"/Users/ishangarg/Documents/Personal/sukasa-air/src/services/authService.ts","statementMap":{"0":{"start":{"line":1,"column":0},"end":{"line":1,"column":34}},"1":{"start":{"line":2,"column":0},"end":{"line":2,"column":31}},"2":{"start":{"line":8,"column":17},"end":{"line":8,"column":46}},"3":{"start":{"line":9,"column":17},"end":{"line":9,"column":26}},"4":{"start":{"line":11,"column":4},"end":{"line":15,"column":5}},"5":{"start":{"line":12,"column":22},"end":{"line":12,"column":41}},"6":{"start":{"line":13,"column":6},"end":{"line":13,"column":27}},"7":{"start":{"line":14,"column":6},"end":{"line":14,"column":27}},"8":{"start":{"line":18,"column":18},"end":{"line":20,"column":6}},"9":{"start":{"line":21,"column":4},"end":{"line":21,"column":17}},"10":{"start":{"line":25,"column":0},"end":{"line":25,"column":33}}},"fnMap":{"0":{"name":"(anonymous_8)","decl":{"start":{"line":5,"column":8},"end":{"line":5,"column":13}},"loc":{"start":{"line":5,"column":27},"end":{"line":22,"column":null}}}},"branchMap":{"0":{"loc":{"start":{"line":9,"column":17},"end":{"line":9,"column":26}},"type":"cond-expr","locations":[{"start":{"line":9,"column":21},"end":{"line":9,"column":23}},{"start":{"line":9,"column":17},"end":{"line":9,"column":26}}]},"1":{"loc":{"start":{"line":9,"column":17},"end":{"line":9,"column":23}},"type":"binary-expr","locations":[{"start":{"line":9,"column":17},"end":{"line":9,"column":23}},{"start":{"line":9,"column":17},"end":{"line":9,"column":23}}]},"2":{"loc":{"start":{"line":11,"column":4},"end":{"line":15,"column":5}},"type":"if","locations":[{"start":{"line":11,"column":4},"end":{"line":15,"column":5}}]}},"s":{"0":2,"1":2,"2":2,"3":2,"4":2,"5":1,"6":1,"7":1,"8":2,"9":2,"10":2},"f":{"0":2},"b":{"0":[1,1],"1":[2,1],"2":[1]}}
,"/Users/ishangarg/Documents/Personal/sukasa-air/src/services/reservationService.ts": {"path":"/Users/ishangarg/Documents/Personal/sukasa-air/src/services/reservationService.ts","statementMap":{"0":{"start":{"line":1,"column":0},"end":{"line":1,"column":46}},"1":{"start":{"line":2,"column":0},"end":{"line":2,"column":null}},"2":{"start":{"line":9,"column":27},"end":{"line":9,"column":42}},"3":{"start":{"line":11,"column":4},"end":{"line":15,"column":5}},"4":{"start":{"line":12,"column":6},"end":{"line":14,"column":8}},"5":{"start":{"line":17,"column":15},"end":{"line":17,"column":56}},"6":{"start":{"line":19,"column":4},"end":{"line":37,"column":5}},"7":{"start":{"line":20,"column":6},"end":{"line":24,"column":9}},"8":{"start":{"line":25,"column":11},"end":{"line":37,"column":5}},"9":{"start":{"line":29,"column":6},"end":{"line":31,"column":8}},"10":{"start":{"line":33,"column":6},"end":{"line":36,"column":9}},"11":{"start":{"line":39,"column":4},"end":{"line":51,"column":5}},"12":{"start":{"line":40,"column":6},"end":{"line":44,"column":9}},"13":{"start":{"line":46,"column":6},"end":{"line":49,"column":9}},"14":{"start":{"line":50,"column":6},"end":{"line":50,"column":75}},"15":{"start":{"line":55,"column":4},"end":{"line":55,"column":37}},"16":{"start":{"line":59,"column":0},"end":{"line":59,"column":40}}},"fnMap":{"0":{"name":"(anonymous_13)","decl":{"start":{"line":8,"column":8},"end":{"line":8,"column":19}},"loc":{"start":{"line":8,"column":66},"end":{"line":52,"column":null}}},"1":{"name":"(anonymous_15)","decl":{"start":{"line":54,"column":8},"end":{"line":54,"column":24}},"loc":{"start":{"line":54,"column":24},"end":{"line":56,"column":null}}}},"branchMap":{"0":{"loc":{"start":{"line":11,"column":4},"end":{"line":15,"column":5}},"type":"if","locations":[{"start":{"line":11,"column":4},"end":{"line":15,"column":5}}]},"1":{"loc":{"start":{"line":11,"column":8},"end":{"line":11,"column":48}},"type":"binary-expr","locations":[{"start":{"line":11,"column":8},"end":{"line":11,"column":22}},{"start":{"line":11,"column":26},"end":{"line":11,"column":48}}]},"2":{"loc":{"start":{"line":19,"column":4},"end":{"line":37,"column":5}},"type":"if","locations":[{"start":{"line":19,"column":4},"end":{"line":37,"column":5}},{"start":{"line":25,"column":11},"end":{"line":37,"column":5}}]},"3":{"loc":{"start":{"line":25,"column":11},"end":{"line":37,"column":5}},"type":"if","locations":[{"start":{"line":25,"column":11},"end":{"line":37,"column":5}},{"start":{"line":32,"column":11},"end":{"line":37,"column":5}}]},"4":{"loc":{"start":{"line":26,"column":6},"end":{"line":27,"column":50}},"type":"binary-expr","locations":[{"start":{"line":26,"column":6},"end":{"line":26,"column":48}},{"start":{"line":27,"column":6},"end":{"line":27,"column":50}}]}},"s":{"0":2,"1":2,"2":3,"3":3,"4":0,"5":3,"6":3,"7":0,"8":3,"9":2,"10":1,"11":1,"12":1,"13":0,"14":0,"15":1,"16":2},"f":{"0":3,"1":1},"b":{"0":[0],"1":[3,3],"2":[0,3],"3":[2,1],"4":[3,2]}}
,"/Users/ishangarg/Documents/Personal/sukasa-air/src/utils/apiHandler.ts": {"path":"/Users/ishangarg/Documents/Personal/sukasa-air/src/utils/apiHandler.ts","statementMap":{"0":{"start":{"line":3,"column":0},"end":{"line":3,"column":null}},"1":{"start":{"line":4,"column":2},"end":{"line":4,"column":null}},"2":{"start":{"line":5,"column":2},"end":{"line":5,"column":null}},"3":{"start":{"line":15,"column":37},"end":{"line":27,"column":1}},"4":{"start":{"line":21,"column":32},"end":{"line":25,"column":4}},"5":{"start":{"line":26,"column":2},"end":{"line":26,"column":40}},"6":{"start":{"line":15,"column":13},"end":{"line":15,"column":37}},"7":{"start":{"line":29,"column":36},"end":{"line":41,"column":1}},"8":{"start":{"line":35,"column":32},"end":{"line":39,"column":4}},"9":{"start":{"line":40,"column":2},"end":{"line":40,"column":40}},"10":{"start":{"line":29,"column":13},"end":{"line":29,"column":36}}},"fnMap":{"0":{"name":"(anonymous_0)","decl":{"start":{"line":3,"column":0},"end":{"line":3,"column":5}},"loc":{"start":{"line":3,"column":14},"end":{"line":6,"column":1}}},"1":{"name":"(anonymous_1)","decl":{"start":{"line":15,"column":37},"end":{"line":15,"column":null}},"loc":{"start":{"line":20,"column":4},"end":{"line":27,"column":1}}},"2":{"name":"(anonymous_2)","decl":{"start":{"line":29,"column":36},"end":{"line":29,"column":null}},"loc":{"start":{"line":34,"column":4},"end":{"line":41,"column":1}}}},"branchMap":{"0":{"loc":{"start":{"line":3,"column":5},"end":{"line":3,"column":null}},"type":"binary-expr","locations":[{"start":{"line":3,"column":5},"end":{"line":3,"column":14}},{"start":{"line":3,"column":5},"end":{"line":3,"column":null}}]},"1":{"loc":{"start":{"line":18,"column":2},"end":{"line":18,"column":18}},"type":"default-arg","locations":[{"start":{"line":18,"column":14},"end":{"line":18,"column":18}}]},"2":{"loc":{"start":{"line":19,"column":2},"end":{"line":19,"column":26}},"type":"default-arg","locations":[{"start":{"line":19,"column":23},"end":{"line":19,"column":26}}]},"3":{"loc":{"start":{"line":32,"column":2},"end":{"line":32,"column":19}},"type":"default-arg","locations":[{"start":{"line":32,"column":15},"end":{"line":32,"column":19}}]},"4":{"loc":{"start":{"line":33,"column":2},"end":{"line":33,"column":26}},"type":"default-arg","locations":[{"start":{"line":33,"column":23},"end":{"line":33,"column":26}}]}},"s":{"0":2,"1":2,"2":2,"3":2,"4":4,"5":4,"6":2,"7":2,"8":2,"9":2,"10":2},"f":{"0":2,"1":4,"2":2},"b":{"0":[2,2],"1":[2],"2":[4],"3":[2],"4":[2]}}
,"/Users/ishangarg/Documents/Personal/sukasa-air/src/utils/tokenParser.ts": {"path":"/Users/ishangarg/Documents/Personal/sukasa-air/src/utils/tokenParser.ts","statementMap":{"0":{"start":{"line":1,"column":0},"end":{"line":1,"column":31}},"1":{"start":{"line":2,"column":26},"end":{"line":5,"column":1}},"2":{"start":{"line":3,"column":23},"end":{"line":3,"column":74}},"3":{"start":{"line":4,"column":2},"end":{"line":4,"column":17}},"4":{"start":{"line":2,"column":13},"end":{"line":2,"column":26}}},"fnMap":{"0":{"name":"(anonymous_1)","decl":{"start":{"line":2,"column":26},"end":{"line":2,"column":27}},"loc":{"start":{"line":2,"column":44},"end":{"line":5,"column":1}}}},"branchMap":{},"s":{"0":3,"1":3,"2":2,"3":1,"4":3},"f":{"0":2},"b":{}}
}
