TN:
SF:src/index.ts
FN:12,(anonymous_8)
FN:19,startServer
FN:23,(anonymous_11)
FN:23,(anonymous_12)
FN:30,(anonymous_13)
FN:37,(anonymous_14)
FNF:6
FNH:4
FNDA:0,(anonymous_8)
FNDA:2,startServer
FNDA:1,(anonymous_11)
FNDA:1,(anonymous_12)
FNDA:0,(anonymous_13)
FNDA:1,(anonymous_14)
DA:1,2
DA:2,2
DA:3,2
DA:4,2
DA:5,2
DA:6,2
DA:7,2
DA:9,2
DA:10,2
DA:12,2
DA:13,0
DA:15,2
DA:17,2
DA:20,2
DA:21,2
DA:23,2
DA:24,1
DA:26,1
DA:27,1
DA:29,0
DA:30,0
DA:31,0
DA:32,0
DA:37,2
DA:38,1
DA:39,1
DA:43,2
LF:27
LH:22
BRDA:10,0,0,2
BRDA:10,0,1,2
BRF:2
BRH:2
end_of_record
TN:
SF:src/constants/admin.ts
FNF:0
FNH:0
DA:1,2
LF:1
LH:1
BRF:0
BRH:0
end_of_record
TN:
SF:src/constants/seat.ts
FNF:0
FNH:0
DA:1,2
LF:1
LH:1
BRF:0
BRH:0
end_of_record
TN:
SF:src/controllers/authController.ts
FN:10,(anonymous_8)
FNF:1
FNH:1
FNDA:2,(anonymous_8)
DA:1,2
DA:3,2
DA:11,2
DA:13,2
DA:14,2
DA:15,2
DA:17,0
DA:18,0
DA:23,2
LF:9
LH:7
BRF:0
BRH:0
end_of_record
TN:
SF:src/controllers/reservationController.ts
FN:10,(anonymous_8)
FN:33,(anonymous_10)
FNF:2
FNH:2
FNDA:3,(anonymous_8)
FNDA:1,(anonymous_10)
DA:1,2
DA:3,2
DA:12,3
DA:13,3
DA:15,3
DA:16,3
DA:26,1
DA:28,2
DA:29,2
DA:34,1
DA:36,1
DA:37,1
DA:39,0
DA:40,0
DA:45,2
LF:15
LH:13
BRDA:24,0,0,0
BRDA:24,0,1,3
BRDA:24,1,0,3
BRDA:24,1,1,3
BRF:4
BRH:3
end_of_record
TN:
SF:src/db/connectDB.ts
FN:4,connectDB
FNF:1
FNH:1
FNDA:2,connectDB
DA:2,3
DA:4,3
DA:5,2
DA:6,1
DA:7,1
DA:10,1
DA:11,0
DA:14,1
DA:15,1
DA:16,1
DA:18,0
LF:11
LH:9
BRDA:5,0,0,1
BRDA:10,1,0,0
BRF:2
BRH:1
end_of_record
TN:
SF:src/middlewares/authMiddleware.ts
FN:7,(anonymous_8)
FN:11,(anonymous_9)
FN:30,(anonymous_10)
FNF:3
FNH:3
FNDA:5,(anonymous_8)
FNDA:5,(anonymous_9)
FNDA:2,(anonymous_10)
DA:3,2
DA:4,2
DA:5,2
DA:7,2
DA:11,5
DA:12,5
DA:13,5
DA:14,0
DA:17,5
DA:18,5
DA:19,5
DA:20,5
DA:21,0
DA:23,5
DA:24,5
DA:26,0
DA:30,2
DA:31,2
DA:32,1
DA:34,1
DA:38,2
LF:21
LH:18
BRDA:12,0,0,0
BRDA:12,0,1,5
BRDA:12,1,0,5
BRDA:12,1,1,5
BRDA:13,2,0,0
BRDA:20,3,0,0
BRDA:31,4,0,1
BRDA:31,4,1,1
BRDA:31,5,0,2
BRDA:31,5,1,2
BRF:10
BRH:7
end_of_record
TN:
SF:src/middlewares/validationMiddleware.ts
FN:3,(anonymous_0)
FN:4,(anonymous_1)
FNF:2
FNH:2
FNDA:4,(anonymous_0)
FNDA:5,(anonymous_1)
DA:3,2
DA:4,4
DA:6,5
DA:7,5
DA:9,0
DA:12,5
DA:13,14
DA:14,0
DA:19,5
DA:23,2
LF:10
LH:8
BRDA:13,0,0,0
BRF:1
BRH:0
end_of_record
TN:
SF:src/models/reservation.ts
FN:4,(anonymous_0)
FN:20,isReserved
FNF:2
FNH:2
FNDA:2,(anonymous_0)
FNDA:2,isReserved
DA:1,2
DA:4,2
DA:5,2
DA:6,2
DA:7,2
DA:20,2
DA:21,2
DA:24,2
DA:38,2
DA:40,2
DA:42,2
LF:11
LH:11
BRDA:4,0,0,2
BRDA:4,0,1,2
BRF:2
BRH:2
end_of_record
TN:
SF:src/models/user.ts
FNF:0
FNH:0
DA:1,2
DA:7,2
DA:11,2
DA:13,2
DA:15,2
LF:5
LH:5
BRF:0
BRH:0
end_of_record
TN:
SF:src/routes/authRoutes.ts
FNF:0
FNH:0
DA:1,2
DA:2,2
DA:3,2
DA:5,2
DA:7,2
DA:9,2
LF:6
LH:6
BRF:0
BRH:0
end_of_record
TN:
SF:src/routes/reservationRoutes.ts
FNF:0
FNH:0
DA:1,2
DA:2,2
DA:3,2
DA:4,2
DA:5,2
DA:7,2
DA:19,2
DA:26,2
LF:8
LH:8
BRF:0
BRH:0
end_of_record
TN:
SF:src/services/authService.ts
FN:5,(anonymous_8)
FNF:1
FNH:1
FNDA:2,(anonymous_8)
DA:1,2
DA:2,2
DA:8,2
DA:9,2
DA:11,2
DA:12,1
DA:13,1
DA:14,1
DA:18,2
DA:21,2
DA:25,2
LF:11
LH:11
BRDA:9,0,0,1
BRDA:9,0,1,1
BRDA:9,1,0,2
BRDA:9,1,1,1
BRDA:11,2,0,1
BRF:5
BRH:5
end_of_record
TN:
SF:src/services/reservationService.ts
FN:8,(anonymous_13)
FN:54,(anonymous_15)
FNF:2
FNH:2
FNDA:3,(anonymous_13)
FNDA:1,(anonymous_15)
DA:1,2
DA:2,2
DA:9,3
DA:11,3
DA:12,0
DA:17,3
DA:19,3
DA:20,0
DA:25,3
DA:29,2
DA:33,1
DA:39,1
DA:40,1
DA:46,0
DA:50,0
DA:55,1
DA:59,2
LF:17
LH:13
BRDA:11,0,0,0
BRDA:11,1,0,3
BRDA:11,1,1,3
BRDA:19,2,0,0
BRDA:19,2,1,3
BRDA:25,3,0,2
BRDA:25,3,1,1
BRDA:26,4,0,3
BRDA:26,4,1,2
BRF:9
BRH:7
end_of_record
TN:
SF:src/utils/apiHandler.ts
FN:3,(anonymous_0)
FN:15,(anonymous_1)
FN:29,(anonymous_2)
FNF:3
FNH:3
FNDA:2,(anonymous_0)
FNDA:4,(anonymous_1)
FNDA:2,(anonymous_2)
DA:3,2
DA:4,2
DA:5,2
DA:15,2
DA:21,4
DA:26,4
DA:29,2
DA:35,2
DA:40,2
LF:9
LH:9
BRDA:3,0,0,2
BRDA:3,0,1,2
BRDA:18,1,0,2
BRDA:19,2,0,4
BRDA:32,3,0,2
BRDA:33,4,0,2
BRF:6
BRH:6
end_of_record
TN:
SF:src/utils/tokenParser.ts
FN:2,(anonymous_1)
FNF:1
FNH:1
FNDA:2,(anonymous_1)
DA:1,3
DA:2,3
DA:3,2
DA:4,1
LF:4
LH:4
BRF:0
BRH:0
end_of_record
